<?xml version="1.0" encoding="UTF-8"?>
<!-- Generated by org.testng.reporters.JUnitReportReporter -->
<testsuite skipped="0" hostname="Isha-PC" name="com.Framework_Concept.utils.TestLoginPage" tests="1" failures="0" timestamp="16 Dec 2016 18:15:01 GMT" time="26.365" errors="0">
  <testcase name="loginTest" time="26.365" classname="com.Framework_Concept.utils.TestLoginPage"/>
</testsuite> <!-- com.Framework_Concept.utils.TestLoginPage -->
